<?xml version="1.0" encoding="UTF-8"?>
<!-- Generated by org.testng.reporters.JUnitReportReporter -->
<testsuite hostname="DESKTOP-5JB5VIM" failures="0" tests="3" name="reqres_API.PUT" time="7.952" errors="0" timestamp="2024-04-05T15:29:55 IST" skipped="0">
  <testcase classname="reqres_API.PUT" name="updateuserdata" time="0.824"/>
  <system-out/>
  <testcase classname="reqres_API.PUT" name="updateuserdata" time="0.975"/>
  <system-out/>
  <testcase classname="reqres_API.PUT" name="updateuserdata" time="6.153"/>
  <system-out/>
</testsuite> <!-- reqres_API.PUT -->
