<?xml version="1.0" encoding="UTF-8"?>
<!-- Generated by org.testng.reporters.JUnitReportReporter -->
<testsuite hostname="DESKTOP-5JB5VIM" failures="0" tests="2" name="reqres_API.POST_TRY" time="4.858" errors="0" timestamp="2024-05-31T19:09:49 IST" skipped="0">
  <testcase classname="reqres_API.POST_TRY" name="VerifySMS" time="0.797"/>
  <system-out/>
  <testcase classname="reqres_API.POST_TRY" name="VerifySMS" time="4.061"/>
  <system-out/>
</testsuite> <!-- reqres_API.POST_TRY -->
