<?xml version="1.0" encoding="UTF-8"?>
<!-- Generated by org.testng.reporters.JUnitReportReporter -->
<testsuite hostname="DESKTOP-5JB5VIM" failures="0" tests="3" name="reqres_API.API" time="5.152" errors="0" timestamp="2024-04-04T17:04:04 IST" skipped="0">
  <testcase classname="reqres_API.API" name="verifyuserdata" time="0.438"/>
  <system-out/>
  <testcase classname="reqres_API.API" name="singleuserdata" time="3.902"/>
  <system-out/>
  <testcase classname="reqres_API.API" name="singleusernotfound" time="0.812"/>
  <system-out/>
</testsuite> <!-- reqres_API.API -->
