<?xml version="1.0" encoding="UTF-8"?>
<!-- Generated by org.testng.reporters.JUnitReportReporter -->
<testsuite hostname="DESKTOP-5JB5VIM" failures="0" tests="5" name="reqres_API.GET_User" time="9.351" errors="0" timestamp="2024-05-31T18:52:13 IST" skipped="0">
  <testcase classname="reqres_API.GET_User" name="lookupcity" time="1.849"/>
  <system-out/>
  <testcase classname="reqres_API.GET_User" name="lookupcategory" time="1.228"/>
  <system-out/>
  <testcase classname="reqres_API.GET_User" name="lookuppostcode" time="1.184"/>
  <system-out/>
  <testcase classname="reqres_API.GET_User" name="lookupCountry" time="3.910"/>
  <system-out/>
  <testcase classname="reqres_API.GET_User" name="lookupState" time="1.180"/>
  <system-out/>
</testsuite> <!-- reqres_API.GET_User -->
