<?xml version="1.0" encoding="UTF-8"?>
<!-- Generated by org.testng.reporters.JUnitReportReporter -->
<testsuite hostname="DESKTOP-5JB5VIM" failures="0" tests="5" name="Homelyf.GET_User" time="20.908" errors="0" timestamp="2024-06-07T14:26:23 IST" skipped="0">
  <testcase classname="Homelyf.GET_User" name="lookupcity" time="1.484"/>
  <system-out/>
  <testcase classname="Homelyf.GET_User" name="lookupcategory" time="10.716"/>
  <system-out/>
  <testcase classname="Homelyf.GET_User" name="lookuppostcode" time="1.606"/>
  <system-out/>
  <testcase classname="Homelyf.GET_User" name="lookupCountry" time="4.894"/>
  <system-out/>
  <testcase classname="Homelyf.GET_User" name="lookupState" time="2.208"/>
  <system-out/>
</testsuite> <!-- Homelyf.GET_User -->
