<?xml version="1.0" encoding="UTF-8"?>
<!-- Generated by org.testng.reporters.JUnitReportReporter -->
<testsuite hostname="DESKTOP-5JB5VIM" failures="0" tests="1" name="reqres_API.DELETE" time="2.651" errors="0" timestamp="2024-04-05T12:17:01 IST" skipped="0">
  <testcase classname="reqres_API.DELETE" name="deleteuserdata" time="2.651"/>
  <system-out/>
</testsuite> <!-- reqres_API.DELETE -->
