<?xml version="1.0" encoding="UTF-8"?>
<!-- Generated by org.testng.reporters.JUnitReportReporter -->
<testsuite hostname="DESKTOP-5JB5VIM" failures="0" tests="3" name="reqres_API.POST" time="10.387" errors="0" timestamp="2024-05-31T11:08:39 IST" skipped="0">
  <testcase classname="reqres_API.POST" name="createuserdata" time="9.245"/>
  <system-out/>
  <testcase classname="reqres_API.POST" name="createuserdata" time="0.516"/>
  <system-out/>
  <testcase classname="reqres_API.POST" name="createuserdata" time="0.626"/>
  <system-out/>
</testsuite> <!-- reqres_API.POST -->
