<?xml version="1.0" encoding="UTF-8"?>
<!-- Generated by org.testng.reporters.JUnitReportReporter -->
<testsuite hostname="DESKTOP-5JB5VIM" failures="0" tests="5" name="reqres_API.GET_User" time="14.085" errors="0" timestamp="2024-06-07T14:25:53 IST" skipped="0">
  <testcase classname="reqres_API.GET_User" name="lookupcity" time="1.468"/>
  <system-out/>
  <testcase classname="reqres_API.GET_User" name="lookupcategory" time="5.226"/>
  <system-out/>
  <testcase classname="reqres_API.GET_User" name="lookuppostcode" time="2.146"/>
  <system-out/>
  <testcase classname="reqres_API.GET_User" name="lookupCountry" time="3.816"/>
  <system-out/>
  <testcase classname="reqres_API.GET_User" name="lookupState" time="1.429"/>
  <system-out/>
</testsuite> <!-- reqres_API.GET_User -->
