<?xml version="1.0" encoding="UTF-8"?>
<!-- Generated by org.testng.reporters.JUnitReportReporter -->
<testsuite hostname="DESKTOP-5JB5VIM" failures="0" tests="9" name="reqres_API.POST_User" time="16.493" errors="0" timestamp="2024-05-31T19:11:28 IST" skipped="0">
  <testcase classname="reqres_API.POST_User" name="login" time="1.160"/>
  <system-out/>
  <testcase classname="reqres_API.POST_User" name="login" time="1.166"/>
  <system-out/>
  <testcase classname="reqres_API.POST_User" name="sendEmailOTP" time="1.986"/>
  <system-out/>
  <testcase classname="reqres_API.POST_User" name="sendSMSOTP" time="1.108"/>
  <system-out/>
  <testcase classname="reqres_API.POST_User" name="login" time="1.841"/>
  <system-out/>
  <testcase classname="reqres_API.POST_User" name="VerifySMS" time="4.116"/>
  <system-out/>
  <testcase classname="reqres_API.POST_User" name="VerifySMS" time="2.003"/>
  <system-out/>
  <testcase classname="reqres_API.POST_User" name="login" time="1.983"/>
  <system-out/>
  <testcase classname="reqres_API.POST_User" name="login" time="1.130"/>
  <system-out/>
</testsuite> <!-- reqres_API.POST_User -->
